build/app/intermediates/manifest_merge_blame_file/release/manifest-merger-blame-release-report.txt
1<?xml version="1.0" encoding="utf-8"?>
2<manifest xmlns:android="http://schemas.android.com/apk/res/android"
3    package="com.sparc.coast"
4    android:versionCode="3"
5    android:versionName="1.0.0" >
6
7    <uses-sdk
8        android:minSdkVersion="16"
8-->src/main/AndroidManifest.xml
9        android:targetSdkVersion="29" />
9-->src/main/AndroidManifest.xml
10
11    <uses-permission android:name="android.permission.ACCESS_FINE_LOCATION" />
11-->src/main/AndroidManifest.xml:4:3-77
11-->src/main/AndroidManifest.xml:4:20-74
12    <uses-permission android:name="android.permission.INTERNET" />
12-->src/main/AndroidManifest.xml:5:3-65
12-->src/main/AndroidManifest.xml:5:20-62
13    <uses-permission android:name="android.permission.READ_EXTERNAL_STORAGE" />
13-->[:image_picker] AndroidManifest.xml:7:5-80
13-->[:image_picker] AndroidManifest.xml:7:22-77
14    <uses-permission android:name="android.permission.WRITE_EXTERNAL_STORAGE" />
14-->[:image_picker] AndroidManifest.xml:8:5-81
14-->[:image_picker] AndroidManifest.xml:8:22-78
15    <uses-permission android:name="android.permission.ACCESS_NETWORK_STATE" />
15-->[:connectivity] AndroidManifest.xml:7:5-79
15-->[:connectivity] AndroidManifest.xml:7:22-76
16    <uses-permission android:name="android.permission.ACCESS_WIFI_STATE" />
16-->[:connectivity] AndroidManifest.xml:8:5-76
16-->[:connectivity] AndroidManifest.xml:8:22-73
17    <!--
18 io.flutter.app.FlutterApplication is an android.app.Application that
19         calls FlutterMain.startInitialization(this); in its onCreate method.
20         In most cases you can leave this as-is, but you if you want to provide
21         additional functionality it is fine to subclass or reimplement
22         FlutterApplication and put your custom class here.
23    -->
24    <application
24-->src/main/AndroidManifest.xml:11:5-32:19
25        android:name="io.flutter.app.FlutterApplication"
25-->src/main/AndroidManifest.xml:12:9-57
26        android:appComponentFactory="androidx.core.app.CoreComponentFactory"
26-->[androidx.core:core:1.2.0] AndroidManifest.xml:24:18-86
27        android:icon="@mipmap/launcher_icon"
27-->src/main/AndroidManifest.xml:14:9-45
28        android:label="coast" >
28-->src/main/AndroidManifest.xml:13:9-30
29        <activity
29-->src/main/AndroidManifest.xml:15:9-26:20
30            android:name="com.sparc.coast.MainActivity"
30-->src/main/AndroidManifest.xml:16:13-41
31            android:configChanges="orientation|keyboardHidden|keyboard|screenSize|smallestScreenSize|locale|layoutDirection|fontScale|screenLayout|density|uiMode"
31-->src/main/AndroidManifest.xml:19:13-163
32            android:hardwareAccelerated="true"
32-->src/main/AndroidManifest.xml:20:13-47
33            android:launchMode="singleTop"
33-->src/main/AndroidManifest.xml:17:13-43
34            android:theme="@style/LaunchTheme"
34-->src/main/AndroidManifest.xml:18:13-47
35            android:windowSoftInputMode="adjustResize" >
35-->src/main/AndroidManifest.xml:21:13-55
36            <intent-filter>
36-->src/main/AndroidManifest.xml:22:13-25:29
37                <action android:name="android.intent.action.MAIN" />
37-->src/main/AndroidManifest.xml:23:17-68
37-->src/main/AndroidManifest.xml:23:25-66
38
39                <category android:name="android.intent.category.LAUNCHER" />
39-->src/main/AndroidManifest.xml:24:17-76
39-->src/main/AndroidManifest.xml:24:27-74
40            </intent-filter>
41        </activity>
42        <!--
43             Don't delete the meta-data below.
44             This is used by the Flutter tool to generate GeneratedPluginRegistrant.java
45        -->
46        <meta-data
46-->src/main/AndroidManifest.xml:29:9-31:33
47            android:name="flutterEmbedding"
47-->src/main/AndroidManifest.xml:30:13-44
48            android:value="2" />
48-->src/main/AndroidManifest.xml:31:13-30
49
50        <provider
50-->[:image_picker] AndroidManifest.xml:11:9-19:20
51            android:name="io.flutter.plugins.imagepicker.ImagePickerFileProvider"
51-->[:image_picker] AndroidManifest.xml:12:13-82
52            android:authorities="com.sparc.coast.flutter.image_provider"
52-->[:image_picker] AndroidManifest.xml:13:13-74
53            android:exported="false"
53-->[:image_picker] AndroidManifest.xml:14:13-37
54            android:grantUriPermissions="true" >
54-->[:image_picker] AndroidManifest.xml:15:13-47
55            <meta-data
55-->[:image_picker] AndroidManifest.xml:16:13-18:75
56                android:name="android.support.FILE_PROVIDER_PATHS"
56-->[:image_picker] AndroidManifest.xml:17:17-67
57                android:resource="@xml/flutter_image_picker_file_paths" />
57-->[:image_picker] AndroidManifest.xml:18:17-72
58        </provider>
59
60        <activity
60-->[com.google.android.gms:play-services-base:17.2.1] AndroidManifest.xml:23:9-26:75
61            android:name="com.google.android.gms.common.api.GoogleApiActivity"
61-->[com.google.android.gms:play-services-base:17.2.1] AndroidManifest.xml:24:13-79
62            android:exported="false"
62-->[com.google.android.gms:play-services-base:17.2.1] AndroidManifest.xml:25:13-37
63            android:theme="@android:style/Theme.Translucent.NoTitleBar" />
63-->[com.google.android.gms:play-services-base:17.2.1] AndroidManifest.xml:26:13-72
64
65        <meta-data
65-->[com.google.android.gms:play-services-basement:17.2.1] AndroidManifest.xml:23:9-25:69
66            android:name="com.google.android.gms.version"
66-->[com.google.android.gms:play-services-basement:17.2.1] AndroidManifest.xml:24:13-58
67            android:value="@integer/google_play_services_version" />
67-->[com.google.android.gms:play-services-basement:17.2.1] AndroidManifest.xml:25:13-66
68    </application>
69
70</manifest>